<?xml version="1.0" encoding="UTF-8"?>
<!-- Generated by org.testng.reporters.JUnitXMLReporter -->
<testsuite ignored="0" hostname="Chau_Thai" failures="0" tests="3" name="alsoParameterization" time="0.162" errors="0" timestamp="2023-12-27T04:03:39 EST">
  <testcase classname="interview.Testing" name="test3" time="0.022"/>
  <testcase classname="interview.Testing" name="test2" time="0.003"/>
  <testcase classname="interview.Testing" name="test1" time="0.004"/>
</testsuite> <!-- alsoParameterization -->
