<?xml version="1.0" encoding="UTF-8"?>
<!-- Generated by org.testng.reporters.JUnitXMLReporter -->
<testsuite ignored="2" hostname="Chau_Thai" failures="0" tests="1" name="Test" time="0.163" errors="0" timestamp="2023-12-27T09:58:54 EST">
  <testcase classname="interview.Testing" name="test1" time="0.036"/>
  <testcase classname="interview.Testing" name="test2" time="0.0">
    <ignored/>
  </testcase> <!-- test2 -->
  <testcase classname="interview.Testing" name="test3" time="0.0">
    <ignored/>
  </testcase> <!-- test3 -->
</testsuite> <!-- Test -->
